<?xml version="1.0" encoding="UTF-8"?>
<testng-results ignored="0" total="1" passed="1" failed="0" skipped="0">
  <reporter-output>
  </reporter-output>
  <suite started-at="2022-07-06T20:54:51 IST" name="Default suite" finished-at="2022-07-06T20:55:16 IST" duration-ms="24380">
    <groups>
    </groups>
    <test started-at="2022-07-06T20:54:51 IST" name="Default test" finished-at="2022-07-06T20:55:16 IST" duration-ms="24380">
      <class name="c_dropdown.DropDownHandle">
        <test-method signature="m1()[pri:0, instance:c_dropdown.DropDownHandle@48e4374]" started-at="2022-07-06T20:54:51 IST" name="m1" finished-at="2022-07-06T20:55:15 IST" duration-ms="24334" status="PASS">
          <reporter-output>
          </reporter-output>
        </test-method> <!-- m1 -->
      </class> <!-- c_dropdown.DropDownHandle -->
    </test> <!-- Default test -->
  </suite> <!-- Default suite -->
</testng-results>
